::1 - - [03/Mar/2021:11:24:28 -0600] "GET / HTTP/1.1" 403 199
::1 - - [03/Mar/2021:11:24:28 -0600] "GET /favicon.ico HTTP/1.1" 403 199
::1 - - [03/Mar/2021:11:26:18 -0600] "GET / HTTP/1.1" 403 199
::1 - - [03/Mar/2021:11:26:18 -0600] "GET /favicon.ico HTTP/1.1" 404 196
::1 - - [03/Mar/2021:11:26:20 -0600] "GET / HTTP/1.1" 403 199
::1 - - [03/Mar/2021:11:26:48 -0600] "GET / HTTP/1.1" 403 199
::1 - - [03/Mar/2021:11:26:49 -0600] "GET / HTTP/1.1" 403 199
::1 - - [03/Mar/2021:11:26:50 -0600] "GET / HTTP/1.1" 403 199
::1 - - [03/Mar/2021:11:26:50 -0600] "GET / HTTP/1.1" 403 199
::1 - - [03/Mar/2021:11:27:04 -0600] "GET / HTTP/1.1" 403 199
::1 - - [03/Mar/2021:11:27:04 -0600] "GET / HTTP/1.1" 403 199
::1 - - [03/Mar/2021:11:28:16 -0600] "GET / HTTP/1.1" 403 199
::1 - - [03/Mar/2021:11:28:28 -0600] "GET / HTTP/1.1" 403 199
::1 - - [03/Mar/2021:11:28:29 -0600] "GET / HTTP/1.1" 403 199
::1 - - [03/Mar/2021:11:30:05 -0600] "GET / HTTP/1.1" 403 199
::1 - - [03/Mar/2021:11:30:06 -0600] "GET / HTTP/1.1" 403 199
::1 - - [03/Mar/2021:11:30:09 -0600] "GET / HTTP/1.1" 403 199
::1 - - [03/Mar/2021:11:30:10 -0600] "GET / HTTP/1.1" 403 199
::1 - - [03/Mar/2021:11:30:15 -0600] "GET / HTTP/1.1" 403 199
::1 - - [03/Mar/2021:11:30:20 -0600] "GET /statis HTTP/1.1" 404 196
::1 - - [03/Mar/2021:11:30:23 -0600] "GET /statics HTTP/1.1" 404 196
::1 - - [03/Mar/2021:11:30:37 -0600] "GET /index.html HTTP/1.1" 404 196
::1 - - [03/Mar/2021:11:30:42 -0600] "GET /index.html HTTP/1.1" 404 196
::1 - - [03/Mar/2021:11:30:43 -0600] "GET /index.html HTTP/1.1" 404 196
::1 - - [03/Mar/2021:11:30:43 -0600] "GET /index.html HTTP/1.1" 404 196
::1 - - [03/Mar/2021:11:30:44 -0600] "GET /index.html HTTP/1.1" 404 196
::1 - - [03/Mar/2021:11:30:47 -0600] "GET /index.html HTTP/1.1" 404 196
::1 - - [03/Mar/2021:11:31:41 -0600] "GET /index.html HTTP/1.1" 404 196
::1 - - [03/Mar/2021:11:31:41 -0600] "GET /index.html HTTP/1.1" 404 196
::1 - - [03/Mar/2021:11:31:44 -0600] "GET / HTTP/1.1" 403 199
::1 - - [03/Mar/2021:11:31:55 -0600] "GET /js HTTP/1.1" 404 196
::1 - - [03/Mar/2021:11:32:47 -0600] "GET / HTTP/1.1" 403 199
::1 - - [03/Mar/2021:11:33:02 -0600] "GET / HTTP/1.1" 403 199
::1 - - [03/Mar/2021:11:33:03 -0600] "GET / HTTP/1.1" 403 199
::1 - - [03/Mar/2021:11:33:03 -0600] "GET / HTTP/1.1" 403 199
::1 - - [03/Mar/2021:11:33:03 -0600] "GET / HTTP/1.1" 403 199
::1 - - [03/Mar/2021:11:33:04 -0600] "GET / HTTP/1.1" 403 199
::1 - - [03/Mar/2021:11:33:05 -0600] "GET / HTTP/1.1" 403 199
::1 - - [03/Mar/2021:11:33:41 -0600] "GET / HTTP/1.1" 403 199
::1 - - [03/Mar/2021:11:34:03 -0600] "GET / HTTP/1.1" 403 199
::1 - - [03/Mar/2021:11:35:20 -0600] "GET / HTTP/1.1" 200 1973
::1 - - [03/Mar/2021:11:35:20 -0600] "GET /libs/jquery-3.5.1.min.js HTTP/1.1" 200 89478
::1 - - [03/Mar/2021:11:35:20 -0600] "GET /js/functions.js HTTP/1.1" 200 20127
::1 - - [03/Mar/2021:11:35:20 -0600] "GET /libs/pace-master/pace.min.js HTTP/1.1" 200 12742
::1 - - [03/Mar/2021:11:35:20 -0600] "GET /libs/pace-master/center-simple.css HTTP/1.1" 200 962
::1 - - [03/Mar/2021:11:35:20 -0600] "GET /statics/css/index.css HTTP/1.1" 200 16071
::1 - - [03/Mar/2021:11:35:20 -0600] "GET /js/index.js HTTP/1.1" 200 1406
::1 - - [03/Mar/2021:11:35:20 -0600] "GET /statics/img/LogoTitle.png HTTP/1.1" 200 21932
::1 - - [03/Mar/2021:11:35:20 -0600] "GET /statics/fonts/McLaren-Regular.ttf HTTP/1.1" 200 54504
::1 - - [03/Mar/2021:11:35:24 -0600] "GET /statics/media/pop.mp3 HTTP/1.1" 206 8777
::1 - - [03/Mar/2021:11:35:24 -0600] "GET /statics/media/Track01.mp3 HTTP/1.1" 206 5054380
::1 - - [03/Mar/2021:11:35:24 -0600] "GET /statics/img/LOGO.png HTTP/1.1" 200 288160
::1 - - [03/Mar/2021:11:35:25 -0600] "GET /templates/charOpts.html HTTP/1.1" 200 4531
::1 - - [03/Mar/2021:11:35:25 -0600] "GET /statics/img/cagumago.png HTTP/1.1" 200 268808
::1 - - [03/Mar/2021:11:35:25 -0600] "GET /statics/img/MichibotAvatar.png HTTP/1.1" 200 134585
::1 - - [03/Mar/2021:11:35:25 -0600] "GET /statics/img/CangumagoAvatar.png HTTP/1.1" 200 240195
::1 - - [03/Mar/2021:11:35:25 -0600] "GET /statics/img/FireoatAvatar.png HTTP/1.1" 200 161358
::1 - - [03/Mar/2021:11:35:25 -0600] "GET /statics/img/AjoloteAvatar.png HTTP/1.1" 200 223067
::1 - - [03/Mar/2021:11:35:30 -0600] "GET /statics/img/Fireoat2.png HTTP/1.1" 200 167885
::1 - - [03/Mar/2021:11:35:31 -0600] "GET /templates/juego.html HTTP/1.1" 200 5386
::1 - - [03/Mar/2021:11:35:31 -0600] "GET /statics/css/ruleta.css HTTP/1.1" 200 2276
::1 - - [03/Mar/2021:11:35:31 -0600] "GET /statics/css/juego.css HTTP/1.1" 200 4612
::1 - - [03/Mar/2021:11:35:31 -0600] "GET /libs/roulette.js-master/roulette.js HTTP/1.1" 200 5767
::1 - - [03/Mar/2021:11:35:31 -0600] "GET /questions/preguntas.js HTTP/1.1" 200 15019
::1 - - [03/Mar/2021:11:35:31 -0600] "GET /js/juego.js HTTP/1.1" 200 4752
::1 - - [03/Mar/2021:11:35:31 -0600] "GET /statics/img/cara1dado.png HTTP/1.1" 200 5651
::1 - - [03/Mar/2021:11:35:31 -0600] "GET /statics/img/cara3dado.png HTTP/1.1" 200 10668
::1 - - [03/Mar/2021:11:35:31 -0600] "GET /statics/img/cara2dado.png HTTP/1.1" 200 10825
::1 - - [03/Mar/2021:11:35:31 -0600] "GET /statics/img/cara4dado.png HTTP/1.1" 200 8785
::1 - - [03/Mar/2021:11:35:31 -0600] "GET /statics/img/cara5dado.png HTTP/1.1" 200 9950
::1 - - [03/Mar/2021:11:35:31 -0600] "GET /statics/img/cara6dado.png HTTP/1.1" 200 11703
::1 - - [03/Mar/2021:11:35:31 -0600] "GET /statics/img/Board7.png HTTP/1.1" 200 110814
::1 - - [03/Mar/2021:11:35:31 -0600] "GET /questions/Preguntas_computacion.tsv HTTP/1.1" 200 40127
::1 - - [03/Mar/2021:11:35:31 -0600] "GET /statics/media/ruleta.mp3 HTTP/1.1" 206 81659
::1 - - [03/Mar/2021:11:35:31 -0600] "GET /statics/img/fichaFireoat.png HTTP/1.1" 200 117919
::1 - - [03/Mar/2021:11:35:31 -0600] "GET /statics/img/Hardware.png HTTP/1.1" 200 7634
::1 - - [03/Mar/2021:11:35:31 -0600] "GET /statics/img/Software.png HTTP/1.1" 200 17547
::1 - - [03/Mar/2021:11:35:31 -0600] "GET /statics/img/Historia.png HTTP/1.1" 200 8412
::1 - - [03/Mar/2021:11:35:31 -0600] "GET /statics/img/Lenguaje.png HTTP/1.1" 200 15179
::1 - - [03/Mar/2021:11:35:31 -0600] "GET /statics/img/Cultura.png HTTP/1.1" 200 9518
::1 - - [03/Mar/2021:11:36:02 -0600] "GET /statics/media/pop2.mp3 HTTP/1.1" 206 12461
::1 - - [03/Mar/2021:11:36:16 -0600] "GET /statics/media/quest.mp3 HTTP/1.1" 206 141688
::1 - - [03/Mar/2021:11:36:19 -0600] "GET /statics/media/mistake.mp3 HTTP/1.1" 206 60813
::1 - - [03/Mar/2021:11:36:30 -0600] "GET /statics/img/fichaCangumago.png HTTP/1.1" 200 142609
::1 - - [03/Mar/2021:11:45:33 -0600] "GET / HTTP/1.1" 200 997
::1 - - [03/Mar/2021:11:45:35 -0600] "GET / HTTP/1.1" 200 997
::1 - - [03/Mar/2021:11:47:00 -0600] "GET / HTTP/1.1" 200 997
::1 - - [03/Mar/2021:11:47:01 -0600] "GET / HTTP/1.1" 200 997
::1 - - [03/Mar/2021:11:48:00 -0600] "-" 408 -
127.0.0.1 - - [03/Mar/2021:11:50:10 -0600] "GET / HTTP/1.1" 200 997
127.0.0.1 - - [03/Mar/2021:11:50:13 -0600] "GET / HTTP/1.1" 200 997
127.0.0.1 - - [03/Mar/2021:11:50:14 -0600] "GET / HTTP/1.1" 200 997
127.0.0.1 - - [03/Mar/2021:11:50:14 -0600] "GET / HTTP/1.1" 200 997
127.0.0.1 - - [03/Mar/2021:11:50:15 -0600] "GET / HTTP/1.1" 200 997
127.0.0.1 - - [03/Mar/2021:11:50:15 -0600] "GET / HTTP/1.1" 200 997
127.0.0.1 - - [03/Mar/2021:11:50:15 -0600] "GET / HTTP/1.1" 200 997
127.0.0.1 - - [03/Mar/2021:11:50:15 -0600] "GET / HTTP/1.1" 200 997
127.0.0.1 - - [03/Mar/2021:11:50:16 -0600] "GET / HTTP/1.1" 200 997
127.0.0.1 - - [03/Mar/2021:11:50:17 -0600] "GET / HTTP/1.1" 200 997
127.0.0.1 - - [03/Mar/2021:11:50:22 -0600] "GET / HTTP/1.1" 200 997
127.0.0.1 - - [03/Mar/2021:11:50:53 -0600] "GET / HTTP/1.1" 200 997
127.0.0.1 - - [03/Mar/2021:11:51:06 -0600] "GET / HTTP/1.1" 200 997
::1 - - [03/Mar/2021:11:51:06 -0600] "GET / HTTP/1.1" 200 997
::1 - - [03/Mar/2021:11:51:12 -0600] "GET /htdocs/ HTTP/1.1" 200 46
::1 - - [03/Mar/2021:11:51:38 -0600] "GET / HTTP/1.1" 200 997
