AH00558: httpd.exe: Could not reliably determine the server's fully qualified domain name, using fe80::ad40:a9fc:e6bf:35e1. Set the 'ServerName' directive globally to suppress this message
[Wed Mar 03 11:24:11.266830 2021] [mpm_winnt:notice] [pid 11232:tid 684] AH00455: Apache/2.4.46 (Win64) configured -- resuming normal operations
[Wed Mar 03 11:24:11.267828 2021] [mpm_winnt:notice] [pid 11232:tid 684] AH00456: Apache Lounge VS16 Server built: Feb 17 2021 13:11:14
[Wed Mar 03 11:24:11.267828 2021] [core:notice] [pid 11232:tid 684] AH00094: Command line: 'httpd.exe -d C:/Users/INSPIRON/Documents/Stegosaurus/httpd-2.4.46-win64-VS16/Apache24'
[Wed Mar 03 11:24:11.276804 2021] [mpm_winnt:notice] [pid 11232:tid 684] AH00418: Parent: Created child process 3168
AH00558: httpd.exe: Could not reliably determine the server's fully qualified domain name, using fe80::ad40:a9fc:e6bf:35e1. Set the 'ServerName' directive globally to suppress this message
Apache server interrupted...
 reliably determine the server's fully qualified domain name, using fe80::ad40:a9fc:e6bf:35e1. Set the 'ServerName' directive globally to suppress this message
[Wed Mar 03 11:24:12.465292 2021] [mpm_winnt:notice] [pid 3168:tid 652] AH00354: Child: Starting 64 worker threads.
[Wed Mar 03 11:24:28.750684 2021] [authz_core:error] [pid 3168:tid 1220] [client ::1:50767] AH01630: client denied by server configuration: C:/Users/INSPIRON/Documents/Stegosaurus/httpd-2.4.46-win64-VS16/
[Wed Mar 03 11:24:28.888316 2021] [authz_core:error] [pid 3168:tid 1220] [client ::1:50767] AH01630: client denied by server configuration: C:/Users/INSPIRON/Documents/Stegosaurus/httpd-2.4.46-win64-VS16/favicon.ico, referer: http://localhost/
[Wed Mar 03 11:24:38.295824 2021] [mpm_winnt:notice] [pid 11232:tid 684] AH00422: Parent: Received shutdown signal -- Shutting down the server.
Apache server interrupted...
Apache server interrupted...
Apache server interrupted...
Apache server interrupted...
Apache server interrupted...
Apache server interrupted...
[Wed Mar 03 11:24:40.315685 2021] [mpm_winnt:notice] [pid 3168:tid 652] AH00364: Child: All worker threads have exited.
[Wed Mar 03 11:24:40.345076 2021] [mpm_winnt:notice] [pid 11232:tid 684] AH00430: Parent: Child process 3168 exited successfully.
AH00558: httpd.exe: Could not reliably determine the server's fully qualified domain name, using fe80::ad40:a9fc:e6bf:35e1. Set the 'ServerName' directive globally to suppress this message
[Wed Mar 03 11:26:09.451640 2021] [mpm_winnt:notice] [pid 14876:tid 684] AH00455: Apache/2.4.46 (Win64) configured -- resuming normal operations
[Wed Mar 03 11:26:09.452636 2021] [mpm_winnt:notice] [pid 14876:tid 684] AH00456: Apache Lounge VS16 Server built: Feb 17 2021 13:11:14
[Wed Mar 03 11:26:09.452636 2021] [core:notice] [pid 14876:tid 684] AH00094: Command line: 'httpd.exe -d C:/Users/INSPIRON/Documents/Stegosaurus/httpd-2.4.46-win64-VS16/Apache24'
[Wed Mar 03 11:26:09.460852 2021] [mpm_winnt:notice] [pid 14876:tid 684] AH00418: Parent: Created child process 17704
AH00558: httpd.exe: Could not reliably determine the server's fully qualified domain name, using fe80::ad40:a9fc:e6bf:35e1. Set the 'ServerName' directive globally to suppress this message
Apache server interrupted...
 reliably determine the server's fully qualified domain name, using fe80::ad40:a9fc:e6bf:35e1. Set the 'ServerName' directive globally to suppress this message
[Wed Mar 03 11:26:10.442029 2021] [mpm_winnt:notice] [pid 17704:tid 708] AH00354: Child: Starting 64 worker threads.
[Wed Mar 03 11:26:18.011493 2021] [autoindex:error] [pid 17704:tid 1220] [client ::1:50780] AH01276: Cannot serve directory C:/Users/INSPIRON/Documents/Stegosaurus/httpd-2.4.46-win64-VS16/: No matching DirectoryIndex (index.html) found, and server-generated directory index forbidden by Options directive
[Wed Mar 03 11:26:20.326988 2021] [autoindex:error] [pid 17704:tid 1220] [client ::1:50780] AH01276: Cannot serve directory C:/Users/INSPIRON/Documents/Stegosaurus/httpd-2.4.46-win64-VS16/: No matching DirectoryIndex (index.html) found, and server-generated directory index forbidden by Options directive
[Wed Mar 03 11:26:40.784972 2021] [mpm_winnt:notice] [pid 14876:tid 684] AH00422: Parent: Received shutdown signal -- Shutting down the server.
Apache server interrupted...
Apache server interrupted...
Apache server interrupted...
Apache server interrupted...
Apache server interrupted...
[Wed Mar 03 11:26:42.803063 2021] [mpm_winnt:notice] [pid 17704:tid 708] AH00364: Child: All worker threads have exited.
[Wed Mar 03 11:26:42.833404 2021] [mpm_winnt:notice] [pid 14876:tid 684] AH00430: Parent: Child process 17704 exited successfully.
AH00558: httpd.exe: Could not reliably determine the server's fully qualified domain name, using fe80::ad40:a9fc:e6bf:35e1. Set the 'ServerName' directive globally to suppress this message
[Wed Mar 03 11:26:45.540379 2021] [mpm_winnt:notice] [pid 15584:tid 688] AH00455: Apache/2.4.46 (Win64) configured -- resuming normal operations
[Wed Mar 03 11:26:45.541375 2021] [mpm_winnt:notice] [pid 15584:tid 688] AH00456: Apache Lounge VS16 Server built: Feb 17 2021 13:11:14
[Wed Mar 03 11:26:45.541375 2021] [core:notice] [pid 15584:tid 688] AH00094: Command line: 'httpd.exe -d C:/Users/INSPIRON/Documents/Stegosaurus/httpd-2.4.46-win64-VS16/Apache24'
[Wed Mar 03 11:26:45.551274 2021] [mpm_winnt:notice] [pid 15584:tid 688] AH00418: Parent: Created child process 11560
AH00558: httpd.exe: Could not reliably determine the server's fully qualified domain name, using fe80::ad40:a9fc:e6bf:35e1. Set the 'ServerName' directive globally to suppress this message
Apache server interrupted...
 reliably determine the server's fully qualified domain name, using fe80::ad40:a9fc:e6bf:35e1. Set the 'ServerName' directive globally to suppress this message
[Wed Mar 03 11:26:46.573323 2021] [mpm_winnt:notice] [pid 11560:tid 720] AH00354: Child: Starting 64 worker threads.
[Wed Mar 03 11:26:48.686787 2021] [autoindex:error] [pid 11560:tid 1224] [client ::1:50783] AH01276: Cannot serve directory C:/Users/INSPIRON/Documents/Stegosaurus/httpd-2.4.46-win64-VS16/: No matching DirectoryIndex (index.html) found, and server-generated directory index forbidden by Options directive
[Wed Mar 03 11:26:49.451133 2021] [autoindex:error] [pid 11560:tid 1224] [client ::1:50783] AH01276: Cannot serve directory C:/Users/INSPIRON/Documents/Stegosaurus/httpd-2.4.46-win64-VS16/: No matching DirectoryIndex (index.html) found, and server-generated directory index forbidden by Options directive
[Wed Mar 03 11:26:50.164124 2021] [autoindex:error] [pid 11560:tid 1224] [client ::1:50783] AH01276: Cannot serve directory C:/Users/INSPIRON/Documents/Stegosaurus/httpd-2.4.46-win64-VS16/: No matching DirectoryIndex (index.html) found, and server-generated directory index forbidden by Options directive
[Wed Mar 03 11:26:50.755772 2021] [autoindex:error] [pid 11560:tid 1224] [client ::1:50783] AH01276: Cannot serve directory C:/Users/INSPIRON/Documents/Stegosaurus/httpd-2.4.46-win64-VS16/: No matching DirectoryIndex (index.html) found, and server-generated directory index forbidden by Options directive
[Wed Mar 03 11:27:04.296070 2021] [autoindex:error] [pid 11560:tid 1224] [client ::1:50785] AH01276: Cannot serve directory C:/Users/INSPIRON/Documents/Stegosaurus/httpd-2.4.46-win64-VS16/: No matching DirectoryIndex (index.html) found, and server-generated directory index forbidden by Options directive
[Wed Mar 03 11:27:04.965292 2021] [autoindex:error] [pid 11560:tid 1224] [client ::1:50785] AH01276: Cannot serve directory C:/Users/INSPIRON/Documents/Stegosaurus/httpd-2.4.46-win64-VS16/: No matching DirectoryIndex (index.html) found, and server-generated directory index forbidden by Options directive
[Wed Mar 03 11:28:16.459757 2021] [autoindex:error] [pid 11560:tid 1224] [client ::1:50788] AH01276: Cannot serve directory C:/Users/INSPIRON/Documents/Stegosaurus/httpd-2.4.46-win64-VS16/: No matching DirectoryIndex (index.html) found, and server-generated directory index forbidden by Options directive
[Wed Mar 03 11:28:19.008297 2021] [mpm_winnt:notice] [pid 15584:tid 688] AH00422: Parent: Received shutdown signal -- Shutting down the server.
Apache server interrupted...
Apache server interrupted...
Apache server interrupted...
Apache server interrupted...
Apache server interrupted...
Apache server interrupted...
Apache server interrupted...
Apache server interrupted...
Apache server interrupted...
Apache server interrupted...
Apache server interrupted...
Apache server interrupted...
Apache server interrupted...
Apache server interrupted...
021] [mpm_winnt:notice] [pid 11560:tid 720] AH00364: Child: All worker threads have exited.
[Wed Mar 03 11:28:23.592596 2021] [mpm_winnt:notice] [pid 15584:tid 688] AH00430: Parent: Child process 11560 exited successfully.
AH00558: httpd.exe: Could not reliably determine the server's fully qualified domain name, using fe80::ad40:a9fc:e6bf:35e1. Set the 'ServerName' directive globally to suppress this message
[Wed Mar 03 11:28:26.394393 2021] [mpm_winnt:notice] [pid 8196:tid 704] AH00455: Apache/2.4.46 (Win64) configured -- resuming normal operations
[Wed Mar 03 11:28:26.396388 2021] [mpm_winnt:notice] [pid 8196:tid 704] AH00456: Apache Lounge VS16 Server built: Feb 17 2021 13:11:14
[Wed Mar 03 11:28:26.396388 2021] [core:notice] [pid 8196:tid 704] AH00094: Command line: 'httpd.exe -d C:/Users/INSPIRON/Documents/Stegosaurus/httpd-2.4.46-win64-VS16/Apache24'
[Wed Mar 03 11:28:26.404370 2021] [mpm_winnt:notice] [pid 8196:tid 704] AH00418: Parent: Created child process 7864
AH00558: httpd.exe: Could not reliably determine the server's fully qualified domain name, using fe80::ad40:a9fc:e6bf:35e1. Set the 'ServerName' directive globally to suppress this message
Apache server interrupted...
 reliably determine the server's fully qualified domain name, using fe80::ad40:a9fc:e6bf:35e1. Set the 'ServerName' directive globally to suppress this message
[Wed Mar 03 11:28:27.399794 2021] [mpm_winnt:notice] [pid 7864:tid 696] AH00354: Child: Starting 64 worker threads.
[Wed Mar 03 11:28:28.701034 2021] [autoindex:error] [pid 7864:tid 1224] [client ::1:50790] AH01276: Cannot serve directory C:/Users/INSPIRON/Documents/Stegosaurus/httpd-2.4.46-win64-VS16/: No matching DirectoryIndex (index.html) found, and server-generated directory index forbidden by Options directive
[Wed Mar 03 11:28:29.353148 2021] [autoindex:error] [pid 7864:tid 1224] [client ::1:50790] AH01276: Cannot serve directory C:/Users/INSPIRON/Documents/Stegosaurus/httpd-2.4.46-win64-VS16/: No matching DirectoryIndex (index.html) found, and server-generated directory index forbidden by Options directive
[Wed Mar 03 11:30:05.368614 2021] [autoindex:error] [pid 7864:tid 1224] [client ::1:50865] AH01276: Cannot serve directory C:/Users/INSPIRON/Documents/Stegosaurus/httpd-2.4.46-win64-VS16/: No matching DirectoryIndex (index.html) found, and server-generated directory index forbidden by Options directive
[Wed Mar 03 11:30:06.025041 2021] [autoindex:error] [pid 7864:tid 1224] [client ::1:50865] AH01276: Cannot serve directory C:/Users/INSPIRON/Documents/Stegosaurus/httpd-2.4.46-win64-VS16/: No matching DirectoryIndex (index.html) found, and server-generated directory index forbidden by Options directive
[Wed Mar 03 11:30:09.565009 2021] [autoindex:error] [pid 7864:tid 1224] [client ::1:50865] AH01276: Cannot serve directory C:/Users/INSPIRON/Documents/Stegosaurus/httpd-2.4.46-win64-VS16/: No matching DirectoryIndex (index.html) found, and server-generated directory index forbidden by Options directive
[Wed Mar 03 11:30:10.902492 2021] [autoindex:error] [pid 7864:tid 1224] [client ::1:50865] AH01276: Cannot serve directory C:/Users/INSPIRON/Documents/Stegosaurus/httpd-2.4.46-win64-VS16/: No matching DirectoryIndex (index.html) found, and server-generated directory index forbidden by Options directive
[Wed Mar 03 11:30:15.909927 2021] [autoindex:error] [pid 7864:tid 1224] [client ::1:50866] AH01276: Cannot serve directory C:/Users/INSPIRON/Documents/Stegosaurus/httpd-2.4.46-win64-VS16/: No matching DirectoryIndex (index.html) found, and server-generated directory index forbidden by Options directive
[Wed Mar 03 11:31:33.630085 2021] [mpm_winnt:notice] [pid 8196:tid 704] AH00422: Parent: Received shutdown signal -- Shutting down the server.
Apache server interrupted...
Apache server interrupted...
Apache server interrupted...
Apache server interrupted...
Apache server interrupted...
Apache server interrupted...
Apache server interrupted...
Apache server interrupted...
Apache server interrupted...
Apache server interrupted...
Apache server interrupted...
Apache server interrupted...
Apache server interrupted...
021] [mpm_winnt:notice] [pid 7864:tid 696] AH00364: Child: All worker threads have exited.
[Wed Mar 03 11:31:35.667728 2021] [mpm_winnt:notice] [pid 8196:tid 704] AH00430: Parent: Child process 7864 exited successfully.
AH00558: httpd.exe: Could not reliably determine the server's fully qualified domain name, using fe80::ad40:a9fc:e6bf:35e1. Set the 'ServerName' directive globally to suppress this message
[Wed Mar 03 11:31:38.452253 2021] [mpm_winnt:notice] [pid 11952:tid 684] AH00455: Apache/2.4.46 (Win64) configured -- resuming normal operations
[Wed Mar 03 11:31:38.453250 2021] [mpm_winnt:notice] [pid 11952:tid 684] AH00456: Apache Lounge VS16 Server built: Feb 17 2021 13:11:14
[Wed Mar 03 11:31:38.454275 2021] [core:notice] [pid 11952:tid 684] AH00094: Command line: 'httpd.exe -d C:/Users/INSPIRON/Documents/Stegosaurus/httpd-2.4.46-win64-VS16/Apache24'
[Wed Mar 03 11:31:38.462414 2021] [mpm_winnt:notice] [pid 11952:tid 684] AH00418: Parent: Created child process 13440
AH00558: httpd.exe: Could not reliably determine the server's fully qualified domain name, using fe80::ad40:a9fc:e6bf:35e1. Set the 'ServerName' directive globally to suppress this message
Apache server interrupted...
 reliably determine the server's fully qualified domain name, using fe80::ad40:a9fc:e6bf:35e1. Set the 'ServerName' directive globally to suppress this message
[Wed Mar 03 11:31:39.393743 2021] [mpm_winnt:notice] [pid 13440:tid 700] AH00354: Child: Starting 64 worker threads.
[Wed Mar 03 11:31:44.268785 2021] [autoindex:error] [pid 13440:tid 1224] [client ::1:50870] AH01276: Cannot serve directory C:/Users/INSPIRON/Documents/Stegosaurus/httpd-2.4.46-win64-VS16/: No matching DirectoryIndex (index.html) found, and server-generated directory index forbidden by Options directive
[Wed Mar 03 11:32:47.332076 2021] [autoindex:error] [pid 13440:tid 1224] [client ::1:50880] AH01276: Cannot serve directory C:/Users/INSPIRON/Documents/Stegosaurus/httpd-2.4.46-win64-VS16/: No matching DirectoryIndex (index.html) found, and server-generated directory index forbidden by Options directive
[Wed Mar 03 11:32:50.970296 2021] [mpm_winnt:notice] [pid 11952:tid 684] AH00422: Parent: Received shutdown signal -- Shutting down the server.
Apache server interrupted...
Apache server interrupted...
Apache server interrupted...
Apache server interrupted...
Apache server interrupted...
Apache server interrupted...
Apache server interrupted...
Apache server interrupted...
Apache server interrupted...
Apache server interrupted...
Apache server interrupted...
[Wed Mar 03 11:32:54.407922 2021] [mpm_winnt:notice] [pid 13440:tid 700] AH00364: Child: All worker threads have exited.
[Wed Mar 03 11:32:54.441406 2021] [mpm_winnt:notice] [pid 11952:tid 684] AH00430: Parent: Child process 13440 exited successfully.
AH00558: httpd.exe: Could not reliably determine the server's fully qualified domain name, using fe80::ad40:a9fc:e6bf:35e1. Set the 'ServerName' directive globally to suppress this message
[Wed Mar 03 11:32:59.800434 2021] [mpm_winnt:notice] [pid 14652:tid 696] AH00455: Apache/2.4.46 (Win64) configured -- resuming normal operations
[Wed Mar 03 11:32:59.800434 2021] [mpm_winnt:notice] [pid 14652:tid 696] AH00456: Apache Lounge VS16 Server built: Feb 17 2021 13:11:14
[Wed Mar 03 11:32:59.801432 2021] [core:notice] [pid 14652:tid 696] AH00094: Command line: 'httpd.exe -d C:/Users/INSPIRON/Documents/Stegosaurus/httpd-2.4.46-win64-VS16/Apache24'
[Wed Mar 03 11:32:59.809427 2021] [mpm_winnt:notice] [pid 14652:tid 696] AH00418: Parent: Created child process 11408
AH00558: httpd.exe: Could not reliably determine the server's fully qualified domain name, using fe80::ad40:a9fc:e6bf:35e1. Set the 'ServerName' directive globally to suppress this message
Apache server interrupted...
 reliably determine the server's fully qualified domain name, using fe80::ad40:a9fc:e6bf:35e1. Set the 'ServerName' directive globally to suppress this message
[Wed Mar 03 11:33:00.718555 2021] [mpm_winnt:notice] [pid 11408:tid 708] AH00354: Child: Starting 64 worker threads.
[Wed Mar 03 11:33:02.362486 2021] [autoindex:error] [pid 11408:tid 1220] [client ::1:50883] AH01276: Cannot serve directory C:/Users/INSPIRON/Documents/: No matching DirectoryIndex (index.html) found, and server-generated directory index forbidden by Options directive
[Wed Mar 03 11:33:03.050067 2021] [autoindex:error] [pid 11408:tid 1220] [client ::1:50883] AH01276: Cannot serve directory C:/Users/INSPIRON/Documents/: No matching DirectoryIndex (index.html) found, and server-generated directory index forbidden by Options directive
[Wed Mar 03 11:33:03.582406 2021] [autoindex:error] [pid 11408:tid 1220] [client ::1:50883] AH01276: Cannot serve directory C:/Users/INSPIRON/Documents/: No matching DirectoryIndex (index.html) found, and server-generated directory index forbidden by Options directive
[Wed Mar 03 11:33:03.951584 2021] [autoindex:error] [pid 11408:tid 1220] [client ::1:50883] AH01276: Cannot serve directory C:/Users/INSPIRON/Documents/: No matching DirectoryIndex (index.html) found, and server-generated directory index forbidden by Options directive
[Wed Mar 03 11:33:04.598467 2021] [autoindex:error] [pid 11408:tid 1220] [client ::1:50883] AH01276: Cannot serve directory C:/Users/INSPIRON/Documents/: No matching DirectoryIndex (index.html) found, and server-generated directory index forbidden by Options directive
[Wed Mar 03 11:33:05.070681 2021] [autoindex:error] [pid 11408:tid 1220] [client ::1:50883] AH01276: Cannot serve directory C:/Users/INSPIRON/Documents/: No matching DirectoryIndex (index.html) found, and server-generated directory index forbidden by Options directive
[Wed Mar 03 11:33:41.327014 2021] [autoindex:error] [pid 11408:tid 1220] [client ::1:50884] AH01276: Cannot serve directory C:/Users/INSPIRON/Documents/: No matching DirectoryIndex (index.html) found, and server-generated directory index forbidden by Options directive
[Wed Mar 03 11:34:03.660728 2021] [autoindex:error] [pid 11408:tid 1220] [client ::1:50888] AH01276: Cannot serve directory C:/Users/INSPIRON/Documents/: No matching DirectoryIndex (index.html) found, and server-generated directory index forbidden by Options directive
[Wed Mar 03 11:34:57.724114 2021] [mpm_winnt:notice] [pid 14652:tid 696] AH00422: Parent: Received shutdown signal -- Shutting down the server.
Apache server interrupted...
Apache server interrupted...
Apache server interrupted...
[Wed Mar 03 11:34:59.746400 2021] [mpm_winnt:notice] [pid 11408:tid 708] AH00364: Child: All worker threads have exited.
[Wed Mar 03 11:34:59.768270 2021] [mpm_winnt:notice] [pid 14652:tid 696] AH00430: Parent: Child process 11408 exited successfully.
AH00558: httpd.exe: Could not reliably determine the server's fully qualified domain name, using fe80::ad40:a9fc:e6bf:35e1. Set the 'ServerName' directive globally to suppress this message
[Wed Mar 03 11:35:14.724793 2021] [mpm_winnt:notice] [pid 10036:tid 672] AH00455: Apache/2.4.46 (Win64) configured -- resuming normal operations
[Wed Mar 03 11:35:14.725790 2021] [mpm_winnt:notice] [pid 10036:tid 672] AH00456: Apache Lounge VS16 Server built: Feb 17 2021 13:11:14
[Wed Mar 03 11:35:14.725790 2021] [core:notice] [pid 10036:tid 672] AH00094: Command line: 'httpd.exe -d C:/Users/INSPIRON/Documents/Stegosaurus/httpd-2.4.46-win64-VS16/Apache24'
[Wed Mar 03 11:35:14.734766 2021] [mpm_winnt:notice] [pid 10036:tid 672] AH00418: Parent: Created child process 14316
AH00558: httpd.exe: Could not reliably determine the server's fully qualified domain name, using fe80::ad40:a9fc:e6bf:35e1. Set the 'ServerName' directive globally to suppress this message
Apache server interrupted...
 reliably determine the server's fully qualified domain name, using fe80::ad40:a9fc:e6bf:35e1. Set the 'ServerName' directive globally to suppress this message
[Wed Mar 03 11:35:15.646933 2021] [mpm_winnt:notice] [pid 14316:tid 712] AH00354: Child: Starting 64 worker threads.
[Wed Mar 03 11:36:51.258225 2021] [mpm_winnt:notice] [pid 10036:tid 672] AH00422: Parent: Received shutdown signal -- Shutting down the server.
Apache server interrupted...
Apache server interrupted...
Apache server interrupted...
Apache server interrupted...
[Wed Mar 03 11:36:53.284422 2021] [mpm_winnt:notice] [pid 14316:tid 712] AH00364: Child: All worker threads have exited.
[Wed Mar 03 11:36:53.314799 2021] [mpm_winnt:notice] [pid 10036:tid 672] AH00430: Parent: Child process 14316 exited successfully.
AH00558: httpd.exe: Could not reliably determine the server's fully qualified domain name, using fe80::ad40:a9fc:e6bf:35e1. Set the 'ServerName' directive globally to suppress this message
[Wed Mar 03 11:43:46.171264 2021] [mpm_winnt:notice] [pid 5728:tid 688] AH00455: Apache/2.4.46 (Win64) configured -- resuming normal operations
[Wed Mar 03 11:43:46.172262 2021] [mpm_winnt:notice] [pid 5728:tid 688] AH00456: Apache Lounge VS16 Server built: Feb 17 2021 13:11:14
[Wed Mar 03 11:43:46.172262 2021] [core:notice] [pid 5728:tid 688] AH00094: Command line: 'server/Apache24/bin/httpd.exe -d C:/Users/INSPIRON/Documents/Stegosaurus/server/Apache24'
[Wed Mar 03 11:43:46.179243 2021] [mpm_winnt:notice] [pid 5728:tid 688] AH00418: Parent: Created child process 18064
AH00558: httpd.exe: Could not reliably determine the server's fully qualified domain name, using fe80::ad40:a9fc:e6bf:35e1. Set the 'ServerName' directive globally to suppress this message
Apache server interrupted...
 reliably determine the server's fully qualified domain name, using fe80::ad40:a9fc:e6bf:35e1. Set the 'ServerName' directive globally to suppress this message
[Wed Mar 03 11:43:47.223722 2021] [mpm_winnt:notice] [pid 18064:tid 464] AH00354: Child: Starting 64 worker threads.
[Wed Mar 03 11:44:03.409851 2021] [mpm_winnt:notice] [pid 5728:tid 688] AH00422: Parent: Received shutdown signal -- Shutting down the server.
Apache server interrupted...
Apache server interrupted...
Apache server interrupted...
Apache server interrupted...
Apache server interrupted...
Apache server interrupted...
[Wed Mar 03 11:44:05.435098 2021] [mpm_winnt:notice] [pid 18064:tid 464] AH00364: Child: All worker threads have exited.
[Wed Mar 03 11:44:05.456763 2021] [mpm_winnt:notice] [pid 5728:tid 688] AH00430: Parent: Child process 18064 exited successfully.
AH00558: httpd.exe: Could not reliably determine the server's fully qualified domain name, using fe80::ad40:a9fc:e6bf:35e1. Set the 'ServerName' directive globally to suppress this message
[Wed Mar 03 11:45:27.931095 2021] [mpm_winnt:notice] [pid 17548:tid 680] AH00455: Apache/2.4.46 (Win64) configured -- resuming normal operations
[Wed Mar 03 11:45:27.932092 2021] [mpm_winnt:notice] [pid 17548:tid 680] AH00456: Apache Lounge VS16 Server built: Feb 17 2021 13:11:14
[Wed Mar 03 11:45:27.933090 2021] [core:notice] [pid 17548:tid 680] AH00094: Command line: 'server/Apache24/bin/httpd.exe -d C:/Users/INSPIRON/Documents/Stegosaurus/server/Apache24'
[Wed Mar 03 11:45:27.941068 2021] [mpm_winnt:notice] [pid 17548:tid 680] AH00418: Parent: Created child process 14684
AH00558: httpd.exe: Could not reliably determine the server's fully qualified domain name, using fe80::ad40:a9fc:e6bf:35e1. Set the 'ServerName' directive globally to suppress this message
Apache server interrupted...
 reliably determine the server's fully qualified domain name, using fe80::ad40:a9fc:e6bf:35e1. Set the 'ServerName' directive globally to suppress this message
[Wed Mar 03 11:45:28.870994 2021] [mpm_winnt:notice] [pid 14684:tid 716] AH00354: Child: Starting 64 worker threads.
[Wed Mar 03 11:45:48.320563 2021] [mpm_winnt:notice] [pid 17548:tid 680] AH00422: Parent: Received shutdown signal -- Shutting down the server.
Apache server interrupted...
Apache server interrupted...
Apache server interrupted...
Apache server interrupted...
Apache server interrupted...
Apache server interrupted...
Apache server interrupted...
Apache server interrupted...
Apache server interrupted...
Apache server interrupted...
Apache server interrupted...
Apache server interrupted...
Apache server interrupted...
Apache server interrupted...
Apache server interrupted...
Apache server interrupted...
Apache server interrupted...
Apache server interrupted...
Apache server interrupted...
Apache server interrupted...
Apache server interrupted...
Apache server interrupted...
Apache server interrupted...
Apache server interrupted...
Apache server interrupted...
Apache server interrupted...
Apache server interrupted...
Apache server interrupted...
Apache server interrupted...
Apache server interrupted...
Apache server interrupted...
Apache server interrupted...
Apache server interrupted...
Apache server interrupted...
Apache server interrupted...
Apache server interrupted...
Apache server interrupted...
Apache server interrupted...
Apache server interrupted...
Apache server interrupted...
Apache server interrupted...
Apache server interrupted...
Apache server interrupted...
Apache server interrupted...
Apache server interrupted...
Apache server interrupted...
Apache server interrupted...
Apache server interrupted...
Apache server interrupted...
Apache server interrupted...
Apache server interrupted...
Apache server interrupted...
Apache server interrupted...
Apache server interrupted...
Apache server interrupted...
Apache server interrupted...
Apache server interrupted...
Apache server interrupted...
Apache server interrupted...
Apache server interrupted...
Apache server interrupted...
Apache server interrupted...
Apache server interrupted...
Apache server interrupted...
Apache server interrupted...
Apache server interrupted...
Apache server interrupted...
Apache server interrupted...
Apache server interrupted...
Apache server interrupted...
Apache server interrupted...
Apache server interrupted...
Apache server interrupted...
Apache server interrupted...
Apache server interrupted...
Apache server interrupted...
Apache server interrupted...
Apache server interrupted...
Apache server interrupted...
Apache server interrupted...
Apache server interrupted...
Apache server interrupted...
Apache server interrupted...
Apache server interrupted...
Apache server interrupted...
Apache server interrupted...
Apache server interrupted...
Apache server interrupted...
Apache server interrupted...
Apache server interrupted...
Apache server interrupted...
Apache server interrupted...
Apache server interrupted...
Apache server interrupted...
Apache server interrupted...
Apache server interrupted...
Apache server interrupted...
Apache server interrupted...
Apache server interrupted...
Apache server interrupted...
Apache server interrupted...
[Wed Mar 03 11:46:18.325224 2021] [mpm_winnt:notice] [pid 17548:tid 680] AH00431: Parent: Forcing termination of child process 14684
AH00558: httpd.exe: Could not reliably determine the server's fully qualified domain name, using fe80::ad40:a9fc:e6bf:35e1. Set the 'ServerName' directive globally to suppress this message
[Wed Mar 03 11:46:59.735043 2021] [mpm_winnt:notice] [pid 11112:tid 688] AH00455: Apache/2.4.46 (Win64) configured -- resuming normal operations
[Wed Mar 03 11:46:59.736044 2021] [mpm_winnt:notice] [pid 11112:tid 688] AH00456: Apache Lounge VS16 Server built: Feb 17 2021 13:11:14
[Wed Mar 03 11:46:59.736044 2021] [core:notice] [pid 11112:tid 688] AH00094: Command line: 'server/Apache24/bin/httpd.exe -d C:/Users/INSPIRON/Documents/Stegosaurus/server/Apache24'
[Wed Mar 03 11:46:59.743878 2021] [mpm_winnt:notice] [pid 11112:tid 688] AH00418: Parent: Created child process 8504
AH00558: httpd.exe: Could not reliably determine the server's fully qualified domain name, using fe80::ad40:a9fc:e6bf:35e1. Set the 'ServerName' directive globally to suppress this message
Apache server interrupted...
 reliably determine the server's fully qualified domain name, using fe80::ad40:a9fc:e6bf:35e1. Set the 'ServerName' directive globally to suppress this message
[Wed Mar 03 11:47:00.751183 2021] [mpm_winnt:notice] [pid 8504:tid 700] AH00354: Child: Starting 64 worker threads.
[Wed Mar 03 11:48:10.399039 2021] [mpm_winnt:notice] [pid 11112:tid 688] AH00422: Parent: Received shutdown signal -- Shutting down the server.
Apache server interrupted...
Apache server interrupted...
Apache server interrupted...
Apache server interrupted...
Apache server interrupted...
[Wed Mar 03 11:48:12.418418 2021] [mpm_winnt:notice] [pid 8504:tid 700] AH00364: Child: All worker threads have exited.
[Wed Mar 03 11:48:12.449668 2021] [mpm_winnt:notice] [pid 11112:tid 688] AH00430: Parent: Child process 8504 exited successfully.
AH00558: httpd.exe: Could not reliably determine the server's fully qualified domain name, using fe80::ad40:a9fc:e6bf:35e1. Set the 'ServerName' directive globally to suppress this message
[Wed Mar 03 11:50:09.771228 2021] [mpm_winnt:notice] [pid 14264:tid 404] AH00455: Apache/2.4.46 (Win64) configured -- resuming normal operations
[Wed Mar 03 11:50:09.772232 2021] [mpm_winnt:notice] [pid 14264:tid 404] AH00456: Apache Lounge VS16 Server built: Feb 17 2021 13:11:14
[Wed Mar 03 11:50:09.773223 2021] [core:notice] [pid 14264:tid 404] AH00094: Command line: 'server/Apache24/bin/httpd.exe -d C:/Users/INSPIRON/Documents/Stegosaurus/server/Apache24'
[Wed Mar 03 11:50:09.787196 2021] [mpm_winnt:notice] [pid 14264:tid 404] AH00418: Parent: Created child process 14396
AH00558: httpd.exe: Could not reliably determine the server's fully qualified domain name, using fe80::ad40:a9fc:e6bf:35e1. Set the 'ServerName' directive globally to suppress this message
Apache server shutdown initiated...
ly determine the server's fully qualified domain name, using fe80::ad40:a9fc:e6bf:35e1. Set the 'ServerName' directive globally to suppress this message
[Wed Mar 03 11:50:10.872802 2021] [mpm_winnt:notice] [pid 14396:tid 724] AH00354: Child: Starting 64 worker threads.
[Wed Mar 03 11:50:33.124925 2021] [mpm_winnt:notice] [pid 14264:tid 404] AH00422: Parent: Received shutdown signal -- Shutting down the server.
AH00558: httpd.exe: Could not reliably determine the server's fully qualified domain name, using fe80::ad40:a9fc:e6bf:35e1. Set the 'ServerName' directive globally to suppress this message
[Wed Mar 03 11:50:54.897405 2021] [core:warn] [pid 12884:tid 496] AH00098: pid file C:/Users/INSPIRON/Documents/Stegosaurus/server/Apache24/logs/httpd.pid overwritten -- Unclean shutdown of previous Apache run?
[Wed Mar 03 11:50:54.900399 2021] [mpm_winnt:notice] [pid 12884:tid 496] AH00455: Apache/2.4.46 (Win64) configured -- resuming normal operations
[Wed Mar 03 11:50:54.900399 2021] [mpm_winnt:notice] [pid 12884:tid 496] AH00456: Apache Lounge VS16 Server built: Feb 17 2021 13:11:14
[Wed Mar 03 11:50:54.900399 2021] [core:notice] [pid 12884:tid 496] AH00094: Command line: 'server/Apache24/bin/httpd.exe -d C:/Users/INSPIRON/Documents/Stegosaurus/server/Apache24'
[Wed Mar 03 11:50:54.909387 2021] [mpm_winnt:notice] [pid 12884:tid 496] AH00418: Parent: Created child process 15748
AH00558: httpd.exe: Could not reliably determine the server's fully qualified domain name, using fe80::ad40:a9fc:e6bf:35e1. Set the 'ServerName' directive globally to suppress this message
Apache server shutdown initiated...
ly determine the server's fully qualified domain name, using fe80::ad40:a9fc:e6bf:35e1. Set the 'ServerName' directive globally to suppress this message
[Wed Mar 03 11:50:55.886393 2021] [mpm_winnt:notice] [pid 15748:tid 744] AH00354: Child: Starting 64 worker threads.
[Wed Mar 03 11:51:06.327439 2021] [mpm_winnt:notice] [pid 14396:tid 724] AH00364: Child: All worker threads have exited.
[Wed Mar 03 11:51:30.033511 2021] [mpm_winnt:notice] [pid 12884:tid 496] AH00422: Parent: Received shutdown signal -- Shutting down the server.
[Wed Mar 03 11:51:38.824055 2021] [mpm_winnt:notice] [pid 15748:tid 744] AH00364: Child: All worker threads have exited.
AH00558: httpd.exe: Could not reliably determine the server's fully qualified domain name, using fe80::ad40:a9fc:e6bf:35e1. Set the 'ServerName' directive globally to suppress this message
[Wed Mar 03 11:51:39.865285 2021] [core:warn] [pid 13676:tid 676] AH00098: pid file C:/Users/INSPIRON/Documents/Stegosaurus/server/Apache24/logs/httpd.pid overwritten -- Unclean shutdown of previous Apache run?
[Wed Mar 03 11:51:39.868264 2021] [mpm_winnt:notice] [pid 13676:tid 676] AH00455: Apache/2.4.46 (Win64) configured -- resuming normal operations
[Wed Mar 03 11:51:39.868264 2021] [mpm_winnt:notice] [pid 13676:tid 676] AH00456: Apache Lounge VS16 Server built: Feb 17 2021 13:11:14
[Wed Mar 03 11:51:39.868264 2021] [core:notice] [pid 13676:tid 676] AH00094: Command line: 'server/Apache24/bin/httpd.exe -d C:/Users/INSPIRON/Documents/Stegosaurus/server/Apache24'
[Wed Mar 03 11:51:39.877245 2021] [mpm_winnt:notice] [pid 13676:tid 676] AH00418: Parent: Created child process 1972
AH00558: httpd.exe: Could not reliably determine the server's fully qualified domain name, using fe80::ad40:a9fc:e6bf:35e1. Set the 'ServerName' directive globally to suppress this message
AH00558: httpd.exe: Could not reliably determine the server's fully qualified domain name, using fe80::ad40:a9fc:e6bf:35e1. Set the 'ServerName' directive globally to suppress this message
